\BOOKMARK [0][-]{chapter*.1}{\376\377\000L\036\335\000i\000\040\000c\036\243\000m\000\040\001\241\000n}{}% 1
\BOOKMARK [0][-]{chapter.1}{\376\377\000G\000I\036\332\000I\000\040\000T\000H\000I\036\306\000U\000\040\000C\000H\000U\000N\000G}{}% 2
\BOOKMARK [1][-]{section.1.1}{\376\377\000T\000\352\000n\000\040\001\021\036\301\000\040\000t\000\340\000i}{chapter.1}% 3
\BOOKMARK [1][-]{section.1.2}{\376\377\000T\000h\000\364\000n\000g\000\040\000t\000i\000n\000\040\000n\000h\000\363\000m\000\040\000t\000h\036\361\000c\000\040\000h\000i\036\307\000n}{chapter.1}% 4
\BOOKMARK [1][-]{section.1.3}{\376\377\000M\036\345\000c\000\040\000t\000i\000\352\000u\000\040\001\021\036\323\000\040\000\341\000n}{chapter.1}% 5
\BOOKMARK [1][-]{section.1.4}{\376\377\001\020\001\260\036\335\000n\000g\000\040\000l\000i\000n\000k\000\040\000G\000i\000t\000H\000u\000b}{chapter.1}% 6
\BOOKMARK [0][-]{chapter.2}{\376\377\000P\000H\000\302\000N\000\040\000T\000\315\000C\000H\000\040\000V\000\300\000\040\000T\000H\000I\036\276\000T\000\040\000K\036\276\000\040\000C\001\240\000\040\000S\036\336\000\040\000D\036\356\000\040\000L\000I\036\306\000U}{}% 7
\BOOKMARK [1][-]{section.2.1}{\376\377\000K\000h\036\243\000o\000\040\000s\000\341\000t\000\040\000n\000g\000h\000i\036\307\000p\000\040\000v\036\345}{chapter.2}% 8
\BOOKMARK [1][-]{section.2.2}{\376\377\000S\001\241\000\040\001\021\036\323\000\040\000t\000h\036\361\000c\000\040\000t\000h\036\303\000\040\000m\036\321\000i\000\040\000q\000u\000a\000n\000\040\000h\036\307\000\040\000\050\000E\000R\000D\000\051}{chapter.2}% 9
\BOOKMARK [2][-]{subsection.2.2.1}{\376\377\000M\000\364\000\040\000t\036\243\000\040\000c\000h\000i\000\040\000t\000i\036\277\000t\000\040\000c\000\341\000c\000\040\000b\036\243\000n\000g}{section.2.2}% 10
\BOOKMARK [2][-]{subsection.2.2.2}{\376\377\000C\000\341\000c\000\040\000r\000\340\000n\000g\000\040\000b\000u\036\331\000c\000\040\000d\036\357\000\040\000l\000i\036\307\000u}{section.2.2}% 11
\BOOKMARK [1][-]{section.2.3}{\376\377\000L\036\255\000p\000\040\000t\000r\000\354\000n\000h\000\040\000p\000h\000\355\000a\000\040\000m\000\341\000y\000\040\000c\000h\036\347\000\040\000\050\000T\000-\000S\000Q\000L\000\040\000S\000c\000r\000i\000p\000t\000s\000\051}{chapter.2}% 12
\BOOKMARK [2][-]{subsection.2.3.1}{\376\377\000V\000i\000e\000w\000\040\000t\000r\000u\000y\000\040\000v\036\245\000n\000\040\000d\036\357\000\040\000l\000i\036\307\000u}{section.2.3}% 13
\BOOKMARK [2][-]{subsection.2.3.2}{\376\377\000U\000s\000e\000r\000-\000d\000e\000f\000i\000n\000e\000d\000\040\000F\000u\000n\000c\000t\000i\000o\000n}{section.2.3}% 14
\BOOKMARK [2][-]{subsection.2.3.3}{\376\377\000S\000t\000o\000r\000e\000d\000\040\000P\000r\000o\000c\000e\000d\000u\000r\000e}{section.2.3}% 15
\BOOKMARK [2][-]{subsection.2.3.4}{\376\377\000Q\000u\036\243\000n\000\040\000l\000\375\000\040\000G\000i\000a\000o\000\040\000t\000\341\000c\000\040\000\050\000T\000r\000a\000n\000s\000a\000c\000t\000i\000o\000n\000\051}{section.2.3}% 16
\BOOKMARK [2][-]{subsection.2.3.5}{\376\377\000T\000r\000i\000g\000g\000e\000r}{section.2.3}% 17
\BOOKMARK [0][-]{chapter.3}{\376\377\000K\000I\036\276\000N\000\040\000T\000R\000\332\000C\000\040\000P\000H\036\246\000N\000\040\000M\036\300\000M}{}% 18
\BOOKMARK [1][-]{section.3.1}{\376\377\000M\000\364\000\040\000h\000\354\000n\000h\000\040\0003\000\040\000l\036\333\000p\000\040\000\050\0003\000-\000l\000a\000y\000e\000r\000\040\000A\000r\000c\000h\000i\000t\000e\000c\000t\000u\000r\000e\000\051}{chapter.3}% 19
\BOOKMARK [2][-]{subsection.3.1.1}{\376\377\000P\000r\000e\000s\000e\000n\000t\000a\000t\000i\000o\000n\000\040\000L\000a\000y\000e\000r\000\040\040\023\000\040\000G\000U\000I\000\137\000Q\000L\000P\000K}{section.3.1}% 20
\BOOKMARK [2][-]{subsection.3.1.2}{\376\377\000B\000u\000s\000i\000n\000e\000s\000s\000\040\000L\000o\000g\000i\000c\000\040\000L\000a\000y\000e\000r\000\040\040\023\000\040\000Q\000L\000P\000K\000B\000U\000S}{section.3.1}% 21
\BOOKMARK [2][-]{subsection.3.1.3}{\376\377\000D\000a\000t\000a\000\040\000A\000c\000c\000e\000s\000s\000\040\000L\000a\000y\000e\000r\000\040\040\023\000\040\000Q\000L\000P\000K\000D\000A\000L}{section.3.1}% 22
\BOOKMARK [2][-]{subsection.3.1.4}{\376\377\001\020\036\321\000i\000\040\000t\001\260\036\343\000n\000g\000\040\000t\000r\000a\000o\000\040\001\021\036\325\000i\000\040\000d\036\357\000\040\000l\000i\036\307\000u\000\040\000\050\000D\000T\000O\000\051\000\040\040\023\000\040\000Q\000L\000P\000K\000D\000T\000O}{section.3.1}% 23
\BOOKMARK [0][-]{chapter.4}{\376\377\000T\000H\036\360\000C\000\040\000T\000H\000I\000\040\000K\036\370\000\040\000T\000H\000U\036\254\000T\000\040\000V\000\300\000\040\000C\000\324\000N\000G\000\040\000N\000G\000H\036\306}{}% 24
\BOOKMARK [1][-]{section.4.1}{\376\377\000T\000r\000u\000y\000\040\000x\000u\036\245\000t\000\040\000d\036\357\000\040\000l\000i\036\307\000u}{chapter.4}% 25
\BOOKMARK [2][-]{subsection.4.1.1}{\376\377\000A\000D\000O\000.\000N\000E\000T}{section.4.1}% 26
\BOOKMARK [2][-]{subsection.4.1.2}{\376\377\000L\000I\000N\000Q\000\040\000t\000o\000\040\000O\000b\000j\000e\000c\000t\000s}{section.4.1}% 27
\BOOKMARK [2][-]{subsection.4.1.3}{\376\377\000L\000I\000N\000Q\000\040\000t\000o\000\040\000X\000M\000L}{section.4.1}% 28
\BOOKMARK [2][-]{subsection.4.1.4}{\376\377\000E\000n\000t\000i\000t\000y\000\040\000F\000r\000a\000m\000e\000w\000o\000r\000k\000\040\000\050\001\021\036\313\000n\000h\000\040\000h\001\260\036\333\000n\000g\000\040\000m\036\337\000\040\000r\036\331\000n\000g\000\051}{section.4.1}% 29
\BOOKMARK [1][-]{section.4.2}{\376\377\000X\000\342\000y\000\040\000d\036\361\000n\000g\000\040\000W\000e\000b\000\040\000A\000P\000I\000\040\000\050\001\021\036\313\000n\000h\000\040\000h\001\260\036\333\000n\000g\000\040\000m\036\337\000\040\000r\036\331\000n\000g\000\051}{chapter.4}% 30
\BOOKMARK [0][-]{chapter.5}{\376\377\000K\036\276\000T\000\040\000Q\000U\036\242\000\040\000V\000\300\000\040\001\020\000\301\000N\000H\000\040\000G\000I\000\301}{}% 31
\BOOKMARK [1][-]{section.5.1}{\376\377\000D\000e\000m\000o\000\040\036\351\000n\000g\000\040\000d\036\345\000n\000g}{chapter.5}% 32
\BOOKMARK [2][-]{subsection.5.1.1}{\376\377\001\020\001\003\000n\000g\000\040\000n\000h\036\255\000p}{section.5.1}% 33
\BOOKMARK [2][-]{subsection.5.1.2}{\376\377\000Q\000u\036\243\000n\000\040\000l\000\375\000\040\000b\036\307\000n\000h\000\040\000n\000h\000\342\000n}{section.5.1}% 34
\BOOKMARK [2][-]{subsection.5.1.3}{\376\377\000T\036\241\000o\000\040\000p\000h\000i\036\277\000u\000\040\000k\000h\000\341\000m\000\040\000v\000\340\000\040\000k\000\352\000\040\000t\000o\000a\000\040\000t\000h\000u\036\321\000c}{section.5.1}% 35
\BOOKMARK [2][-]{subsection.5.1.4}{\376\377\000L\036\255\000p\000\040\000h\000\363\000a\000\040\001\021\001\241\000n\000\040\000v\000\340\000\040\000i\000n\000\040\000P\000D\000F}{section.5.1}% 36
\BOOKMARK [2][-]{subsection.5.1.5}{\376\377\000B\000\341\000o\000\040\000c\000\341\000o\000\040\000d\000o\000a\000n\000h\000\040\000t\000h\000u\000\040\000\046\000\040\000s\036\355\000\040\000d\036\345\000n\000g\000\040\000t\000h\000u\036\321\000c}{section.5.1}% 37
\BOOKMARK [1][-]{section.5.2}{\376\377\001\020\000\341\000n\000h\000\040\000g\000i\000\341\000\040\000c\000h\000u\036\251\000n\000\040\001\021\036\247\000u\000\040\000r\000a}{chapter.5}% 38
\BOOKMARK [1][-]{section.5.3}{\376\377\000K\000h\000\363\000\040\000k\000h\001\003\000n\000\040\000v\000\340\000\040\000h\001\260\036\333\000n\000g\000\040\000p\000h\000\341\000t\000\040\000t\000r\000i\036\303\000n}{chapter.5}% 39
\BOOKMARK [2][-]{subsection.5.3.1}{\376\377\000K\000h\000\363\000\040\000k\000h\001\003\000n}{section.5.3}% 40
\BOOKMARK [2][-]{subsection.5.3.2}{\376\377\000H\001\260\036\333\000n\000g\000\040\000p\000h\000\341\000t\000\040\000t\000r\000i\036\303\000n}{section.5.3}% 41
\BOOKMARK [0][-]{chapter*.15}{\376\377\000T\000\340\000i\000\040\000l\000i\036\307\000u\000\040\000t\000h\000a\000m\000\040\000k\000h\036\243\000o}{}% 42
